Generate the report at 2024-05-05T20:53:09, GitVersion: d9c76846ce6e28304fe193503daa05d7efa8c4cc.
+--------------+-------------+------------+------------+---------------+-------+--------+-----------+
| Endpoint     | Clock Group | Delay Type | Path Delay | Path Required | CPPR  | Slack  | Freq(MHz) |
+--------------+-------------+------------+------------+---------------+-------+--------+-----------+
| mpc/_538_:D  | core_clock  | max        | 3.054r     | 1.969         | 0.000 | -1.085 | 324.102   |
| mpc/_536_:D  | core_clock  | max        | 3.050r     | 1.969         | 0.000 | -1.081 | 324.571   |
| mpc/_537_:D  | core_clock  | max        | 3.050r     | 1.969         | 0.000 | -1.081 | 324.594   |
| msram/_19_:D | core_clock  | min        | 0.142f     | 0.002         | 0.000 | 0.140  | NA        |
| msram/_20_:D | core_clock  | min        | 0.142f     | 0.002         | 0.000 | 0.141  | NA        |
| mpc/_524_:D  | core_clock  | min        | 0.148f     | 0.002         | 0.000 | 0.146  | NA        |
+--------------+-------------+------------+------------+---------------+-------+--------+-----------+
+------------+------------+-----------+
| Clock      | Delay Type | TNS       |
+------------+------------+-----------+
| core_clock | max        | -1343.480 |
| core_clock | min        | 0.000     |
+------------+------------+-----------+
+---------------------------------+--------+-------------+------------+------------+-------------+--------+--------+--------+
| Point                           | Fanout | Capacitance | Resistance | Transition | Delta Delay | Derate | Incr   | Path   |
+---------------------------------+--------+-------------+------------+------------+-------------+--------+--------+--------+
| clk (port)                      |        | 1.172       | 0.000      | 0.000      |             | 1.000  | 0.000  | 0.000r |
| clk (clock net)                 | 1234   |             |            |            | NA          |        |        |        |
| mifu/_331_:CK (DFF_X1)          |        | 0.001       | 0.000      | 0.000      |             | 1.000  | 0.000  | 0.000r |
| clock core_clock (rise edge)    |        |             |            |            |             |        | 0      | 0      |
| clock network delay (ideal)     |        |             |            |            |             |        | 0.000  | 0.000  |
| mifu/_331_:CK (DFF_X1)          |        | 0.001       | 0.000      | 0.000      |             | 1.000  | 0.000  | 0.000r |
| mifu/_331_:Q (DFF_X1)           |        | 0.004       | 0.000      | 0.013      |             | 1.000  | 0.090  | 0.090r |
| inst[24] (net)                  | 5      |             |            |            | 0.000       |        |        |        |
| midu/_254_:A (BUF_X1)           |        | 0.001       | 0.000      | 0.013      |             | 1.000  | 0.000  | 0.090r |
| midu/_254_:Z (BUF_X1)           |        | 0.001       | 0.000      | 0.006      |             | 1.000  | 0.021  | 0.111r |
| rs2[4] (net)                    | 1      |             |            |            | 0.000       |        |        |        |
| mreg/_11793_:A (BUF_X1)         |        | 0.001       | 0.000      | 0.006      |             | 1.000  | 0.000  | 0.111r |
| mreg/_11793_:Z (BUF_X1)         |        | 0.382       | 0.000      | 0.877      |             | 1.000  | 0.937  | 1.048r |
| mreg/_03877_ (net)              | 226    |             |            |            | 0.000       |        |        |        |
| mreg/_06972_:A (INV_X1)         |        | 0.002       | 0.000      | 0.877      |             | 1.000  | 0.000  | 1.048r |
| mreg/_06972_:ZN (INV_X1)        |        | 0.015       | 0.000      | 0.179      |             | 1.000  | 0.095  | 1.144f |
| mreg/_01102_ (net)              | 10     |             |            |            | 0.000       |        |        |        |
| mreg/_06978_:A (BUF_X4)         |        | 0.003       | 0.000      | 0.179      |             | 1.000  | 0.000  | 1.144f |
| mreg/_06978_:Z (BUF_X4)         |        | 0.018       | 0.000      | 0.015      |             | 1.000  | 0.078  | 1.222f |
| mreg/_01108_ (net)              | 10     |             |            |            | 0.000       |        |        |        |
| mreg/_06979_:A (BUF_X2)         |        | 0.002       | 0.000      | 0.015      |             | 1.000  | 0.000  | 1.222f |
| mreg/_06979_:Z (BUF_X2)         |        | 0.013       | 0.000      | 0.010      |             | 1.000  | 0.036  | 1.258f |
| mreg/_01109_ (net)              | 10     |             |            |            | 0.000       |        |        |        |
| mreg/_07003_:A (CLKBUF_X2)      |        | 0.001       | 0.000      | 0.010      |             | 1.000  | 0.000  | 1.258f |
| mreg/_07003_:Z (CLKBUF_X2)      |        | 0.011       | 0.000      | 0.016      |             | 1.000  | 0.040  | 1.298f |
| mreg/_01133_ (net)              | 10     |             |            |            | 0.000       |        |        |        |
| mreg/_07004_:A2 (NAND3_X1)      |        | 0.002       | 0.000      | 0.016      |             | 1.000  | 0.000  | 1.298f |
| mreg/_07004_:ZN (NAND3_X1)      |        | 0.001       | 0.000      | 0.014      |             | 1.000  | 0.020  | 1.318r |
| mreg/_01134_ (net)              | 1      |             |            |            | 0.000       |        |        |        |
| mreg/_07006_:A3 (AND4_X1)       |        | 0.001       | 0.000      | 0.014      |             | 1.000  | 0.000  | 1.318r |
| mreg/_07006_:ZN (AND4_X1)       |        | 0.001       | 0.000      | 0.010      |             | 1.000  | 0.054  | 1.372r |
| mreg/_01136_ (net)              | 1      |             |            |            | 0.000       |        |        |        |
| mreg/_07024_:A3 (AND4_X1)       |        | 0.001       | 0.000      | 0.010      |             | 1.000  | 0.000  | 1.372r |
| mreg/_07024_:ZN (AND4_X1)       |        | 0.002       | 0.000      | 0.013      |             | 1.000  | 0.058  | 1.430r |
| mreg/_01154_ (net)              | 1      |             |            |            | 0.000       |        |        |        |
| mreg/_07047_:A2 (NAND4_X1)      |        | 0.002       | 0.000      | 0.013      |             | 1.000  | 0.000  | 1.430r |
| mreg/_07047_:ZN (NAND4_X1)      |        | 0.001       | 0.000      | 0.014      |             | 1.000  | 0.026  | 1.455f |
| mreg/_03910_ (net)              | 1      |             |            |            | 0.000       |        |        |        |
| mreg/_11829_:A (BUF_X1)         |        | 0.001       | 0.000      | 0.014      |             | 1.000  | 0.000  | 1.455f |
| mreg/_11829_:Z (BUF_X1)         |        | 0.002       | 0.000      | 0.006      |             | 1.000  | 0.030  | 1.485f |
| mem_wdata[0] (net)              | 2      |             |            |            | 0.000       |        |        |        |
| mexu/_2050_:A (BUF_X1)          |        | 0.001       | 0.000      | 0.006      |             | 1.000  | 0.000  | 1.485f |
| mexu/_2050_:Z (BUF_X1)          |        | 0.002       | 0.000      | 0.006      |             | 1.000  | 0.026  | 1.511f |
| mexu/_1052_ (net)               | 1      |             |            |            | 0.000       |        |        |        |
| mexu/_1190_:A (OAI21_X1)        |        | 0.002       | 0.000      | 0.006      |             | 1.000  | 0.000  | 1.511f |
| mexu/_1190_:ZN (OAI21_X1)       |        | 0.003       | 0.000      | 0.029      |             | 1.000  | 0.023  | 1.535r |
| mexu/_0448_ (net)               | 1      |             |            |            | 0.000       |        |        |        |
| mexu/_1193_:A (OAI211_X2)       |        | 0.003       | 0.000      | 0.029      |             | 1.000  | 0.000  | 1.535r |
| mexu/_1193_:ZN (OAI211_X2)      |        | 0.001       | 0.000      | 0.013      |             | 1.000  | 0.028  | 1.563f |
| mexu/_0108_ (net)               | 1      |             |            |            | 0.000       |        |        |        |
| mexu/_2051_:A (BUF_X1)          |        | 0.001       | 0.000      | 0.013      |             | 1.000  | 0.000  | 1.563f |
| mexu/_2051_:Z (BUF_X1)          |        | 0.003       | 0.000      | 0.007      |             | 1.000  | 0.031  | 1.594f |
| alu_b[0] (net)                  | 3      |             |            |            | 0.000       |        |        |        |
| malu/_480_:A (BUF_X1)           |        | 0.001       | 0.000      | 0.007      |             | 1.000  | 0.000  | 1.594f |
| malu/_480_:Z (BUF_X1)           |        | 0.002       | 0.000      | 0.007      |             | 1.000  | 0.028  | 1.622f |
| malu/_039_ (net)                | 1      |             |            |            | 0.000       |        |        |        |
| malu/_308_:B (XOR2_X1)          |        | 0.002       | 0.000      | 0.007      |             | 1.000  | 0.000  | 1.622f |
| malu/_308_:Z (XOR2_X1)          |        | 0.001       | 0.000      | 0.012      |             | 1.000  | 0.053  | 1.675f |
| malu/_208_ (net)                | 1      |             |            |            | 0.000       |        |        |        |
| malu/_481_:A (BUF_X1)           |        | 0.001       | 0.000      | 0.012      |             | 1.000  | 0.000  | 1.675f |
| malu/_481_:Z (BUF_X1)           |        | 0.001       | 0.000      | 0.005      |             | 1.000  | 0.027  | 1.702f |
| malu/r[0] (net)                 | 1      |             |            |            | 0.000       |        |        |        |
| malu/Adder/_583_:A (BUF_X1)     |        | 0.001       | 0.000      | 0.005      |             | 1.000  | 0.000  | 1.702f |
| malu/Adder/_583_:Z (BUF_X1)     |        | 0.005       | 0.000      | 0.010      |             | 1.000  | 0.032  | 1.734f |
| malu/Adder/_032_ (net)          | 2      |             |            |            | 0.000       |        |        |        |
| malu/Adder/_324_:A (XOR2_X2)    |        | 0.004       | 0.000      | 0.010      |             | 1.000  | 0.000  | 1.734f |
| malu/Adder/_324_:Z (XOR2_X2)    |        | 0.005       | 0.000      | 0.013      |             | 1.000  | 0.054  | 1.788f |
| malu/Adder/_066_ (net)          | 2      |             |            |            | 0.000       |        |        |        |
| malu/Adder/_326_:A1 (AND2_X4)   |        | 0.003       | 0.000      | 0.013      |             | 1.000  | 0.000  | 1.788f |
| malu/Adder/_326_:ZN (AND2_X4)   |        | 0.006       | 0.000      | 0.006      |             | 1.000  | 0.029  | 1.816f |
| malu/Adder/_067_ (net)          | 1      |             |            |            | 0.000       |        |        |        |
| malu/Adder/_328_:A1 (NOR2_X4)   |        | 0.007       | 0.000      | 0.006      |             | 1.000  | 0.000  | 1.816f |
| malu/Adder/_328_:ZN (NOR2_X4)   |        | 0.009       | 0.000      | 0.018      |             | 1.000  | 0.023  | 1.840r |
| malu/Adder/_069_ (net)          | 2      |             |            |            | 0.000       |        |        |        |
| malu/Adder/_333_:A1 (NOR3_X4)   |        | 0.007       | 0.000      | 0.018      |             | 1.000  | 0.000  | 1.840r |
| malu/Adder/_333_:ZN (NOR3_X4)   |        | 0.005       | 0.000      | 0.013      |             | 1.000  | 0.011  | 1.851f |
| malu/Adder/_073_ (net)          | 3      |             |            |            | 0.000       |        |        |        |
| malu/Adder/_344_:C1 (OAI211_X2) |        | 0.003       | 0.000      | 0.013      |             | 1.000  | 0.000  | 1.851f |
| malu/Adder/_344_:ZN (OAI211_X2) |        | 0.003       | 0.000      | 0.023      |             | 1.000  | 0.033  | 1.884r |
| malu/Adder/_082_ (net)          | 1      |             |            |            | 0.000       |        |        |        |
| malu/Adder/_347_:A1 (AND2_X4)   |        | 0.003       | 0.000      | 0.023      |             | 1.000  | 0.000  | 1.884r |
| malu/Adder/_347_:ZN (AND2_X4)   |        | 0.010       | 0.000      | 0.011      |             | 1.000  | 0.037  | 1.920r |
| malu/Adder/_085_ (net)          | 3      |             |            |            | 0.000       |        |        |        |
| malu/Adder/_357_:A (INV_X4)     |        | 0.006       | 0.000      | 0.011      |             | 1.000  | 0.000  | 1.920r |
| malu/Adder/_357_:ZN (INV_X4)    |        | 0.007       | 0.000      | 0.005      |             | 1.000  | 0.009  | 1.929f |
| malu/Adder/_093_ (net)          | 2      |             |            |            | 0.000       |        |        |        |
| malu/Adder/_372_:A1 (NAND4_X4)  |        | 0.006       | 0.000      | 0.005      |             | 1.000  | 0.000  | 1.929f |
| malu/Adder/_372_:ZN (NAND4_X4)  |        | 0.003       | 0.000      | 0.013      |             | 1.000  | 0.013  | 1.942r |
| malu/Adder/_106_ (net)          | 2      |             |            |            | 0.000       |        |        |        |
| malu/Adder/_435_:C1 (AOI211_X4) |        | 0.002       | 0.000      | 0.013      |             | 1.000  | 0.000  | 1.942r |
| malu/Adder/_435_:ZN (AOI211_X4) |        | 0.011       | 0.000      | 0.007      |             | 1.000  | 0.050  | 1.992f |
| malu/Adder/_161_ (net)          | 5      |             |            |            | 0.000       |        |        |        |
| malu/Adder/_469_:A (INV_X2)     |        | 0.003       | 0.000      | 0.007      |             | 1.000  | 0.000  | 1.992f |
| malu/Adder/_469_:ZN (INV_X2)    |        | 0.003       | 0.000      | 0.008      |             | 1.000  | 0.011  | 2.003r |
| malu/Adder/_191_ (net)          | 1      |             |            |            | 0.000       |        |        |        |
| malu/Adder/_470_:B1 (AOI21_X2)  |        | 0.003       | 0.000      | 0.008      |             | 1.000  | 0.000  | 2.003r |
| malu/Adder/_470_:ZN (AOI21_X2)  |        | 0.004       | 0.000      | 0.012      |             | 1.000  | 0.015  | 2.018f |
| malu/Adder/_192_ (net)          | 3      |             |            |            | 0.000       |        |        |        |
| malu/Adder/_476_:A1 (OR3_X1)    |        | 0.001       | 0.000      | 0.012      |             | 1.000  | 0.000  | 2.018f |
| malu/Adder/_476_:ZN (OR3_X1)    |        | 0.002       | 0.000      | 0.014      |             | 1.000  | 0.067  | 2.084f |
| malu/Adder/_198_ (net)          | 1      |             |            |            | 0.000       |        |        |        |
| malu/Adder/_477_:A2 (AND2_X2)   |        | 0.002       | 0.000      | 0.014      |             | 1.000  | 0.000  | 2.084f |
| malu/Adder/_477_:ZN (AND2_X2)   |        | 0.002       | 0.000      | 0.006      |             | 1.000  | 0.032  | 2.116f |
| malu/Adder/_303_ (net)          | 2      |             |            |            | 0.000       |        |        |        |
| malu/Adder/_564_:A3 (OR4_X2)    |        | 0.002       | 0.000      | 0.006      |             | 1.000  | 0.000  | 2.116f |
| malu/Adder/_564_:ZN (OR4_X2)    |        | 0.003       | 0.000      | 0.016      |             | 1.000  | 0.103  | 2.219f |
| malu/Adder/_273_ (net)          | 1      |             |            |            | 0.000       |        |        |        |
| malu/Adder/_565_:A1 (NOR3_X2)   |        | 0.003       | 0.000      | 0.016      |             | 1.000  | 0.000  | 2.219f |
| malu/Adder/_565_:ZN (NOR3_X2)   |        | 0.002       | 0.000      | 0.023      |             | 1.000  | 0.032  | 2.251r |
| malu/Adder/_274_ (net)          | 1      |             |            |            | 0.000       |        |        |        |
| malu/Adder/_573_:A1 (NAND2_X1)  |        | 0.002       | 0.000      | 0.023      |             | 1.000  | 0.000  | 2.251r |
| malu/Adder/_573_:ZN (NAND2_X1)  |        | 0.001       | 0.000      | 0.010      |             | 1.000  | 0.017  | 2.268f |
| malu/Adder/_282_ (net)          | 1      |             |            |            | 0.000       |        |        |        |
| malu/Adder/_574_:A2 (OR4_X2)    |        | 0.002       | 0.000      | 0.010      |             | 1.000  | 0.000  | 2.268f |
| malu/Adder/_574_:ZN (OR4_X2)    |        | 0.001       | 0.000      | 0.016      |             | 1.000  | 0.093  | 2.361f |
| malu/Adder/_283_ (net)          | 1      |             |            |            | 0.000       |        |        |        |
| malu/Adder/_575_:A2 (OR4_X2)    |        | 0.002       | 0.000      | 0.016      |             | 1.000  | 0.000  | 2.361f |
| malu/Adder/_575_:ZN (OR4_X2)    |        | 0.001       | 0.000      | 0.016      |             | 1.000  | 0.094  | 2.455f |
| malu/Adder/_284_ (net)          | 1      |             |            |            | 0.000       |        |        |        |
| malu/Adder/_576_:A1 (NOR4_X1)   |        | 0.002       | 0.000      | 0.016      |             | 1.000  | 0.000  | 2.455f |
| malu/Adder/_576_:ZN (NOR4_X1)   |        | 0.001       | 0.000      | 0.036      |             | 1.000  | 0.041  | 2.496r |
| malu/Adder/_323_ (net)          | 1      |             |            |            | 0.000       |        |        |        |
| malu/Adder/_681_:A (BUF_X1)     |        | 0.001       | 0.000      | 0.036      |             | 1.000  | 0.000  | 2.496r |
| malu/Adder/_681_:Z (BUF_X1)     |        | 0.001       | 0.000      | 0.007      |             | 1.000  | 0.027  | 2.523r |
| ZF (net)                        | 1      |             |            |            | 0.000       |        |        |        |
| malu/_683_:A (BUF_X1)           |        | 0.001       | 0.000      | 0.007      |             | 1.000  | 0.000  | 2.523r |
| malu/_683_:Z (BUF_X1)           |        | 0.003       | 0.000      | 0.010      |             | 1.000  | 0.024  | 2.547r |
| malu/_002_ (net)                | 2      |             |            |            | 0.000       |        |        |        |
| malu/_474_:A4 (OR4_X1)          |        | 0.001       | 0.000      | 0.010      |             | 1.000  | 0.000  | 2.547r |
| malu/_474_:ZN (OR4_X1)          |        | 0.002       | 0.000      | 0.009      |             | 1.000  | 0.028  | 2.576r |
| malu/_204_ (net)                | 1      |             |            |            | 0.000       |        |        |        |
| malu/_478_:A2 (NAND4_X1)        |        | 0.002       | 0.000      | 0.009      |             | 1.000  | 0.000  | 2.576r |
| malu/_478_:ZN (NAND4_X1)        |        | 0.001       | 0.000      | 0.014      |             | 1.000  | 0.025  | 2.600f |
| malu/_071_ (net)                | 1      |             |            |            | 0.000       |        |        |        |
| malu/_684_:A (BUF_X1)           |        | 0.001       | 0.000      | 0.014      |             | 1.000  | 0.000  | 2.600f |
| malu/_684_:Z (BUF_X1)           |        | 0.001       | 0.000      | 0.005      |             | 1.000  | 0.028  | 2.628f |
| branch (net)                    | 1      |             |            |            | 0.000       |        |        |        |
| _767_:A (BUF_X1)                |        | 0.001       | 0.000      | 0.005      |             | 1.000  | 0.000  | 2.628f |
| _767_:Z (BUF_X1)                |        | 0.001       | 0.000      | 0.005      |             | 1.000  | 0.023  | 2.651f |
| _032_ (net)                     | 1      |             |            |            | 0.000       |        |        |        |
| _505_:A1 (OR2_X1)               |        | 0.001       | 0.000      | 0.005      |             | 1.000  | 0.000  | 2.651f |
| _505_:ZN (OR2_X1)               |        | 0.001       | 0.000      | 0.008      |             | 1.000  | 0.041  | 2.692f |
| _163_ (net)                     | 1      |             |            |            | 0.000       |        |        |        |
| _769_:A (BUF_X1)                |        | 0.001       | 0.000      | 0.008      |             | 1.000  | 0.000  | 2.692f |
| _769_:Z (BUF_X1)                |        | 0.001       | 0.000      | 0.005      |             | 1.000  | 0.025  | 2.717f |
| jump (net)                      | 2      |             |            |            | 0.000       |        |        |        |
| mpc/_554_:A (BUF_X1)            |        | 0.001       | 0.000      | 0.005      |             | 1.000  | 0.000  | 2.717f |
| mpc/_554_:Z (BUF_X1)            |        | 0.044       | 0.000      | 0.048      |             | 1.000  | 0.079  | 2.797f |
| mpc/_034_ (net)                 | 28     |             |            |            | 0.000       |        |        |        |
| mpc/_347_:A2 (NOR2_X1)          |        | 0.002       | 0.000      | 0.048      |             | 1.000  | 0.000  | 2.797f |
| mpc/_347_:ZN (NOR2_X1)          |        | 0.008       | 0.000      | 0.050      |             | 1.000  | 0.076  | 2.873r |
| mpc/_051_ (net)                 | 3      |             |            |            | 0.000       |        |        |        |
| mpc/_348_:A (INV_X1)            |        | 0.002       | 0.000      | 0.050      |             | 1.000  | 0.000  | 2.873r |
| mpc/_348_:ZN (INV_X1)           |        | 0.012       | 0.000      | 0.023      |             | 1.000  | 0.038  | 2.910f |
| mpc/_052_ (net)                 | 6      |             |            |            | 0.000       |        |        |        |
| mpc/_380_:A (BUF_X4)            |        | 0.003       | 0.000      | 0.023      |             | 1.000  | 0.000  | 2.910f |
| mpc/_380_:Z (BUF_X4)            |        | 0.016       | 0.000      | 0.008      |             | 1.000  | 0.036  | 2.946f |
| mpc/_079_ (net)                 | 10     |             |            |            | 0.000       |        |        |        |
| mpc/_426_:A2 (OAI22_X1)         |        | 0.002       | 0.000      | 0.008      |             | 1.000  | 0.000  | 2.946f |
| mpc/_426_:ZN (OAI22_X1)         |        | 0.002       | 0.000      | 0.036      |             | 1.000  | 0.033  | 2.979r |
| mpc/_118_ (net)                 | 1      |             |            |            | 0.000       |        |        |        |
| mpc/_428_:A (OAI21_X1)          |        | 0.002       | 0.000      | 0.036      |             | 1.000  | 0.000  | 2.979r |
| mpc/_428_:ZN (OAI21_X1)         |        | 0.001       | 0.000      | 0.012      |             | 1.000  | 0.025  | 3.004f |
| mpc/_120_ (net)                 | 1      |             |            |            | 0.000       |        |        |        |
| mpc/_430_:B1 (AOI21_X1)         |        | 0.002       | 0.000      | 0.012      |             | 1.000  | 0.000  | 3.004f |
| mpc/_430_:ZN (AOI21_X1)         |        | 0.001       | 0.000      | 0.020      |             | 1.000  | 0.023  | 3.028r |
| mpc/_018_ (net)                 | 1      |             |            |            | 0.000       |        |        |        |
| mpc/_638_:A (BUF_X1)            |        | 0.001       | 0.000      | 0.020      |             | 1.000  | 0.000  | 3.028r |
| mpc/_638_:Z (BUF_X1)            |        | 0.001       | 0.000      | 0.008      |             | 1.000  | 0.026  | 3.054r |
| mpc/_311_ (net)                 | 1      |             |            |            | 0.000       |        |        |        |
| mpc/_538_:D (DFF_X1)            |        | 0.001       | 0.000      | 0.008      |             | 1.000  | 0.000  | 3.054r |
|                                 |        |             |            |            |             |        |        |        |
| clk (port)                      |        | 1.172       | 0.000      | 0.000      |             | 1.000  | 0.000  | 0.000r |
| clk (clock net)                 | 1234   |             |            |            | NA          |        |        |        |
| mpc/_538_:CK (DFF_X1)           |        | 0.001       | 0.000      | 0.000      |             | 1.000  | 0.000  | 0.000r |
| clock core_clock (rise edge)    |        |             |            |            |             |        | 2      | 2      |
| clock network delay (ideal)     |        |             |            |            |             |        | 0.000  | 2.000  |
| mpc/_538_:CK (DFF_X1)           |        |             |            |            |             |        |        | r      |
| library setup time              |        |             |            |            |             |        | -0.031 | 1.969  |
| clock reconvergence pessimism   |        |             |            |            |             | 0.000  | 1.969  |        |
|                                 |        |             |            |            |             |        |        |        |
| data require time               |        |             |            |            |             |        |        | 1.969  |
| data arrival time               |        |             |            |            |             |        |        | 3.054  |
| slack (VIOLATED)                |        |             |            |            |             |        |        | -1.085 |
+---------------------------------+--------+-------------+------------+------------+-------------+--------+--------+--------+
+---------------------------------+--------+-------------+------------+------------+-------------+--------+--------+--------+
| Point                           | Fanout | Capacitance | Resistance | Transition | Delta Delay | Derate | Incr   | Path   |
+---------------------------------+--------+-------------+------------+------------+-------------+--------+--------+--------+
| clk (port)                      |        | 1.172       | 0.000      | 0.000      |             | 1.000  | 0.000  | 0.000r |
| clk (clock net)                 | 1234   |             |            |            | NA          |        |        |        |
| mifu/_331_:CK (DFF_X1)          |        | 0.001       | 0.000      | 0.000      |             | 1.000  | 0.000  | 0.000r |
| clock core_clock (rise edge)    |        |             |            |            |             |        | 0      | 0      |
| clock network delay (ideal)     |        |             |            |            |             |        | 0.000  | 0.000  |
| mifu/_331_:CK (DFF_X1)          |        | 0.001       | 0.000      | 0.000      |             | 1.000  | 0.000  | 0.000r |
| mifu/_331_:Q (DFF_X1)           |        | 0.004       | 0.000      | 0.013      |             | 1.000  | 0.090  | 0.090r |
| inst[24] (net)                  | 5      |             |            |            | 0.000       |        |        |        |
| midu/_254_:A (BUF_X1)           |        | 0.001       | 0.000      | 0.013      |             | 1.000  | 0.000  | 0.090r |
| midu/_254_:Z (BUF_X1)           |        | 0.001       | 0.000      | 0.006      |             | 1.000  | 0.021  | 0.111r |
| rs2[4] (net)                    | 1      |             |            |            | 0.000       |        |        |        |
| mreg/_11793_:A (BUF_X1)         |        | 0.001       | 0.000      | 0.006      |             | 1.000  | 0.000  | 0.111r |
| mreg/_11793_:Z (BUF_X1)         |        | 0.382       | 0.000      | 0.877      |             | 1.000  | 0.937  | 1.048r |
| mreg/_03877_ (net)              | 226    |             |            |            | 0.000       |        |        |        |
| mreg/_06972_:A (INV_X1)         |        | 0.002       | 0.000      | 0.877      |             | 1.000  | 0.000  | 1.048r |
| mreg/_06972_:ZN (INV_X1)        |        | 0.015       | 0.000      | 0.179      |             | 1.000  | 0.095  | 1.144f |
| mreg/_01102_ (net)              | 10     |             |            |            | 0.000       |        |        |        |
| mreg/_06978_:A (BUF_X4)         |        | 0.003       | 0.000      | 0.179      |             | 1.000  | 0.000  | 1.144f |
| mreg/_06978_:Z (BUF_X4)         |        | 0.018       | 0.000      | 0.015      |             | 1.000  | 0.078  | 1.222f |
| mreg/_01108_ (net)              | 10     |             |            |            | 0.000       |        |        |        |
| mreg/_06979_:A (BUF_X2)         |        | 0.002       | 0.000      | 0.015      |             | 1.000  | 0.000  | 1.222f |
| mreg/_06979_:Z (BUF_X2)         |        | 0.013       | 0.000      | 0.010      |             | 1.000  | 0.036  | 1.258f |
| mreg/_01109_ (net)              | 10     |             |            |            | 0.000       |        |        |        |
| mreg/_07003_:A (CLKBUF_X2)      |        | 0.001       | 0.000      | 0.010      |             | 1.000  | 0.000  | 1.258f |
| mreg/_07003_:Z (CLKBUF_X2)      |        | 0.011       | 0.000      | 0.016      |             | 1.000  | 0.040  | 1.298f |
| mreg/_01133_ (net)              | 10     |             |            |            | 0.000       |        |        |        |
| mreg/_07004_:A2 (NAND3_X1)      |        | 0.002       | 0.000      | 0.016      |             | 1.000  | 0.000  | 1.298f |
| mreg/_07004_:ZN (NAND3_X1)      |        | 0.001       | 0.000      | 0.014      |             | 1.000  | 0.020  | 1.318r |
| mreg/_01134_ (net)              | 1      |             |            |            | 0.000       |        |        |        |
| mreg/_07006_:A3 (AND4_X1)       |        | 0.001       | 0.000      | 0.014      |             | 1.000  | 0.000  | 1.318r |
| mreg/_07006_:ZN (AND4_X1)       |        | 0.001       | 0.000      | 0.010      |             | 1.000  | 0.054  | 1.372r |
| mreg/_01136_ (net)              | 1      |             |            |            | 0.000       |        |        |        |
| mreg/_07024_:A3 (AND4_X1)       |        | 0.001       | 0.000      | 0.010      |             | 1.000  | 0.000  | 1.372r |
| mreg/_07024_:ZN (AND4_X1)       |        | 0.002       | 0.000      | 0.013      |             | 1.000  | 0.058  | 1.430r |
| mreg/_01154_ (net)              | 1      |             |            |            | 0.000       |        |        |        |
| mreg/_07047_:A2 (NAND4_X1)      |        | 0.002       | 0.000      | 0.013      |             | 1.000  | 0.000  | 1.430r |
| mreg/_07047_:ZN (NAND4_X1)      |        | 0.001       | 0.000      | 0.014      |             | 1.000  | 0.026  | 1.455f |
| mreg/_03910_ (net)              | 1      |             |            |            | 0.000       |        |        |        |
| mreg/_11829_:A (BUF_X1)         |        | 0.001       | 0.000      | 0.014      |             | 1.000  | 0.000  | 1.455f |
| mreg/_11829_:Z (BUF_X1)         |        | 0.002       | 0.000      | 0.006      |             | 1.000  | 0.030  | 1.485f |
| mem_wdata[0] (net)              | 2      |             |            |            | 0.000       |        |        |        |
| mexu/_2050_:A (BUF_X1)          |        | 0.001       | 0.000      | 0.006      |             | 1.000  | 0.000  | 1.485f |
| mexu/_2050_:Z (BUF_X1)          |        | 0.002       | 0.000      | 0.006      |             | 1.000  | 0.026  | 1.511f |
| mexu/_1052_ (net)               | 1      |             |            |            | 0.000       |        |        |        |
| mexu/_1190_:A (OAI21_X1)        |        | 0.002       | 0.000      | 0.006      |             | 1.000  | 0.000  | 1.511f |
| mexu/_1190_:ZN (OAI21_X1)       |        | 0.003       | 0.000      | 0.029      |             | 1.000  | 0.023  | 1.535r |
| mexu/_0448_ (net)               | 1      |             |            |            | 0.000       |        |        |        |
| mexu/_1193_:A (OAI211_X2)       |        | 0.003       | 0.000      | 0.029      |             | 1.000  | 0.000  | 1.535r |
| mexu/_1193_:ZN (OAI211_X2)      |        | 0.001       | 0.000      | 0.013      |             | 1.000  | 0.028  | 1.563f |
| mexu/_0108_ (net)               | 1      |             |            |            | 0.000       |        |        |        |
| mexu/_2051_:A (BUF_X1)          |        | 0.001       | 0.000      | 0.013      |             | 1.000  | 0.000  | 1.563f |
| mexu/_2051_:Z (BUF_X1)          |        | 0.003       | 0.000      | 0.007      |             | 1.000  | 0.031  | 1.594f |
| alu_b[0] (net)                  | 3      |             |            |            | 0.000       |        |        |        |
| malu/_480_:A (BUF_X1)           |        | 0.001       | 0.000      | 0.007      |             | 1.000  | 0.000  | 1.594f |
| malu/_480_:Z (BUF_X1)           |        | 0.002       | 0.000      | 0.007      |             | 1.000  | 0.028  | 1.622f |
| malu/_039_ (net)                | 1      |             |            |            | 0.000       |        |        |        |
| malu/_308_:B (XOR2_X1)          |        | 0.002       | 0.000      | 0.007      |             | 1.000  | 0.000  | 1.622f |
| malu/_308_:Z (XOR2_X1)          |        | 0.001       | 0.000      | 0.012      |             | 1.000  | 0.053  | 1.675f |
| malu/_208_ (net)                | 1      |             |            |            | 0.000       |        |        |        |
| malu/_481_:A (BUF_X1)           |        | 0.001       | 0.000      | 0.012      |             | 1.000  | 0.000  | 1.675f |
| malu/_481_:Z (BUF_X1)           |        | 0.001       | 0.000      | 0.005      |             | 1.000  | 0.027  | 1.702f |
| malu/r[0] (net)                 | 1      |             |            |            | 0.000       |        |        |        |
| malu/Adder/_583_:A (BUF_X1)     |        | 0.001       | 0.000      | 0.005      |             | 1.000  | 0.000  | 1.702f |
| malu/Adder/_583_:Z (BUF_X1)     |        | 0.005       | 0.000      | 0.010      |             | 1.000  | 0.032  | 1.734f |
| malu/Adder/_032_ (net)          | 2      |             |            |            | 0.000       |        |        |        |
| malu/Adder/_324_:A (XOR2_X2)    |        | 0.004       | 0.000      | 0.010      |             | 1.000  | 0.000  | 1.734f |
| malu/Adder/_324_:Z (XOR2_X2)    |        | 0.005       | 0.000      | 0.013      |             | 1.000  | 0.054  | 1.788f |
| malu/Adder/_066_ (net)          | 2      |             |            |            | 0.000       |        |        |        |
| malu/Adder/_326_:A1 (AND2_X4)   |        | 0.003       | 0.000      | 0.013      |             | 1.000  | 0.000  | 1.788f |
| malu/Adder/_326_:ZN (AND2_X4)   |        | 0.006       | 0.000      | 0.006      |             | 1.000  | 0.029  | 1.816f |
| malu/Adder/_067_ (net)          | 1      |             |            |            | 0.000       |        |        |        |
| malu/Adder/_328_:A1 (NOR2_X4)   |        | 0.007       | 0.000      | 0.006      |             | 1.000  | 0.000  | 1.816f |
| malu/Adder/_328_:ZN (NOR2_X4)   |        | 0.009       | 0.000      | 0.018      |             | 1.000  | 0.023  | 1.840r |
| malu/Adder/_069_ (net)          | 2      |             |            |            | 0.000       |        |        |        |
| malu/Adder/_333_:A1 (NOR3_X4)   |        | 0.007       | 0.000      | 0.018      |             | 1.000  | 0.000  | 1.840r |
| malu/Adder/_333_:ZN (NOR3_X4)   |        | 0.005       | 0.000      | 0.013      |             | 1.000  | 0.011  | 1.851f |
| malu/Adder/_073_ (net)          | 3      |             |            |            | 0.000       |        |        |        |
| malu/Adder/_344_:C1 (OAI211_X2) |        | 0.003       | 0.000      | 0.013      |             | 1.000  | 0.000  | 1.851f |
| malu/Adder/_344_:ZN (OAI211_X2) |        | 0.003       | 0.000      | 0.023      |             | 1.000  | 0.033  | 1.884r |
| malu/Adder/_082_ (net)          | 1      |             |            |            | 0.000       |        |        |        |
| malu/Adder/_347_:A1 (AND2_X4)   |        | 0.003       | 0.000      | 0.023      |             | 1.000  | 0.000  | 1.884r |
| malu/Adder/_347_:ZN (AND2_X4)   |        | 0.010       | 0.000      | 0.011      |             | 1.000  | 0.037  | 1.920r |
| malu/Adder/_085_ (net)          | 3      |             |            |            | 0.000       |        |        |        |
| malu/Adder/_357_:A (INV_X4)     |        | 0.006       | 0.000      | 0.011      |             | 1.000  | 0.000  | 1.920r |
| malu/Adder/_357_:ZN (INV_X4)    |        | 0.007       | 0.000      | 0.005      |             | 1.000  | 0.009  | 1.929f |
| malu/Adder/_093_ (net)          | 2      |             |            |            | 0.000       |        |        |        |
| malu/Adder/_372_:A1 (NAND4_X4)  |        | 0.006       | 0.000      | 0.005      |             | 1.000  | 0.000  | 1.929f |
| malu/Adder/_372_:ZN (NAND4_X4)  |        | 0.003       | 0.000      | 0.013      |             | 1.000  | 0.013  | 1.942r |
| malu/Adder/_106_ (net)          | 2      |             |            |            | 0.000       |        |        |        |
| malu/Adder/_435_:C1 (AOI211_X4) |        | 0.002       | 0.000      | 0.013      |             | 1.000  | 0.000  | 1.942r |
| malu/Adder/_435_:ZN (AOI211_X4) |        | 0.011       | 0.000      | 0.007      |             | 1.000  | 0.050  | 1.992f |
| malu/Adder/_161_ (net)          | 5      |             |            |            | 0.000       |        |        |        |
| malu/Adder/_469_:A (INV_X2)     |        | 0.003       | 0.000      | 0.007      |             | 1.000  | 0.000  | 1.992f |
| malu/Adder/_469_:ZN (INV_X2)    |        | 0.003       | 0.000      | 0.008      |             | 1.000  | 0.011  | 2.003r |
| malu/Adder/_191_ (net)          | 1      |             |            |            | 0.000       |        |        |        |
| malu/Adder/_470_:B1 (AOI21_X2)  |        | 0.003       | 0.000      | 0.008      |             | 1.000  | 0.000  | 2.003r |
| malu/Adder/_470_:ZN (AOI21_X2)  |        | 0.004       | 0.000      | 0.012      |             | 1.000  | 0.015  | 2.018f |
| malu/Adder/_192_ (net)          | 3      |             |            |            | 0.000       |        |        |        |
| malu/Adder/_476_:A1 (OR3_X1)    |        | 0.001       | 0.000      | 0.012      |             | 1.000  | 0.000  | 2.018f |
| malu/Adder/_476_:ZN (OR3_X1)    |        | 0.002       | 0.000      | 0.014      |             | 1.000  | 0.067  | 2.084f |
| malu/Adder/_198_ (net)          | 1      |             |            |            | 0.000       |        |        |        |
| malu/Adder/_477_:A2 (AND2_X2)   |        | 0.002       | 0.000      | 0.014      |             | 1.000  | 0.000  | 2.084f |
| malu/Adder/_477_:ZN (AND2_X2)   |        | 0.002       | 0.000      | 0.006      |             | 1.000  | 0.032  | 2.116f |
| malu/Adder/_303_ (net)          | 2      |             |            |            | 0.000       |        |        |        |
| malu/Adder/_564_:A3 (OR4_X2)    |        | 0.002       | 0.000      | 0.006      |             | 1.000  | 0.000  | 2.116f |
| malu/Adder/_564_:ZN (OR4_X2)    |        | 0.003       | 0.000      | 0.016      |             | 1.000  | 0.103  | 2.219f |
| malu/Adder/_273_ (net)          | 1      |             |            |            | 0.000       |        |        |        |
| malu/Adder/_565_:A1 (NOR3_X2)   |        | 0.003       | 0.000      | 0.016      |             | 1.000  | 0.000  | 2.219f |
| malu/Adder/_565_:ZN (NOR3_X2)   |        | 0.002       | 0.000      | 0.023      |             | 1.000  | 0.032  | 2.251r |
| malu/Adder/_274_ (net)          | 1      |             |            |            | 0.000       |        |        |        |
| malu/Adder/_573_:A1 (NAND2_X1)  |        | 0.002       | 0.000      | 0.023      |             | 1.000  | 0.000  | 2.251r |
| malu/Adder/_573_:ZN (NAND2_X1)  |        | 0.001       | 0.000      | 0.010      |             | 1.000  | 0.017  | 2.268f |
| malu/Adder/_282_ (net)          | 1      |             |            |            | 0.000       |        |        |        |
| malu/Adder/_574_:A2 (OR4_X2)    |        | 0.002       | 0.000      | 0.010      |             | 1.000  | 0.000  | 2.268f |
| malu/Adder/_574_:ZN (OR4_X2)    |        | 0.001       | 0.000      | 0.016      |             | 1.000  | 0.093  | 2.361f |
| malu/Adder/_283_ (net)          | 1      |             |            |            | 0.000       |        |        |        |
| malu/Adder/_575_:A2 (OR4_X2)    |        | 0.002       | 0.000      | 0.016      |             | 1.000  | 0.000  | 2.361f |
| malu/Adder/_575_:ZN (OR4_X2)    |        | 0.001       | 0.000      | 0.016      |             | 1.000  | 0.094  | 2.455f |
| malu/Adder/_284_ (net)          | 1      |             |            |            | 0.000       |        |        |        |
| malu/Adder/_576_:A1 (NOR4_X1)   |        | 0.002       | 0.000      | 0.016      |             | 1.000  | 0.000  | 2.455f |
| malu/Adder/_576_:ZN (NOR4_X1)   |        | 0.001       | 0.000      | 0.036      |             | 1.000  | 0.041  | 2.496r |
| malu/Adder/_323_ (net)          | 1      |             |            |            | 0.000       |        |        |        |
| malu/Adder/_681_:A (BUF_X1)     |        | 0.001       | 0.000      | 0.036      |             | 1.000  | 0.000  | 2.496r |
| malu/Adder/_681_:Z (BUF_X1)     |        | 0.001       | 0.000      | 0.007      |             | 1.000  | 0.027  | 2.523r |
| ZF (net)                        | 1      |             |            |            | 0.000       |        |        |        |
| malu/_683_:A (BUF_X1)           |        | 0.001       | 0.000      | 0.007      |             | 1.000  | 0.000  | 2.523r |
| malu/_683_:Z (BUF_X1)           |        | 0.003       | 0.000      | 0.010      |             | 1.000  | 0.024  | 2.547r |
| malu/_002_ (net)                | 2      |             |            |            | 0.000       |        |        |        |
| malu/_474_:A4 (OR4_X1)          |        | 0.001       | 0.000      | 0.010      |             | 1.000  | 0.000  | 2.547r |
| malu/_474_:ZN (OR4_X1)          |        | 0.002       | 0.000      | 0.009      |             | 1.000  | 0.028  | 2.576r |
| malu/_204_ (net)                | 1      |             |            |            | 0.000       |        |        |        |
| malu/_478_:A2 (NAND4_X1)        |        | 0.002       | 0.000      | 0.009      |             | 1.000  | 0.000  | 2.576r |
| malu/_478_:ZN (NAND4_X1)        |        | 0.001       | 0.000      | 0.014      |             | 1.000  | 0.025  | 2.600f |
| malu/_071_ (net)                | 1      |             |            |            | 0.000       |        |        |        |
| malu/_684_:A (BUF_X1)           |        | 0.001       | 0.000      | 0.014      |             | 1.000  | 0.000  | 2.600f |
| malu/_684_:Z (BUF_X1)           |        | 0.001       | 0.000      | 0.005      |             | 1.000  | 0.028  | 2.628f |
| branch (net)                    | 1      |             |            |            | 0.000       |        |        |        |
| _767_:A (BUF_X1)                |        | 0.001       | 0.000      | 0.005      |             | 1.000  | 0.000  | 2.628f |
| _767_:Z (BUF_X1)                |        | 0.001       | 0.000      | 0.005      |             | 1.000  | 0.023  | 2.651f |
| _032_ (net)                     | 1      |             |            |            | 0.000       |        |        |        |
| _505_:A1 (OR2_X1)               |        | 0.001       | 0.000      | 0.005      |             | 1.000  | 0.000  | 2.651f |
| _505_:ZN (OR2_X1)               |        | 0.001       | 0.000      | 0.008      |             | 1.000  | 0.041  | 2.692f |
| _163_ (net)                     | 1      |             |            |            | 0.000       |        |        |        |
| _769_:A (BUF_X1)                |        | 0.001       | 0.000      | 0.008      |             | 1.000  | 0.000  | 2.692f |
| _769_:Z (BUF_X1)                |        | 0.001       | 0.000      | 0.005      |             | 1.000  | 0.025  | 2.717f |
| jump (net)                      | 2      |             |            |            | 0.000       |        |        |        |
| mpc/_554_:A (BUF_X1)            |        | 0.001       | 0.000      | 0.005      |             | 1.000  | 0.000  | 2.717f |
| mpc/_554_:Z (BUF_X1)            |        | 0.044       | 0.000      | 0.048      |             | 1.000  | 0.079  | 2.797f |
| mpc/_034_ (net)                 | 28     |             |            |            | 0.000       |        |        |        |
| mpc/_347_:A2 (NOR2_X1)          |        | 0.002       | 0.000      | 0.048      |             | 1.000  | 0.000  | 2.797f |
| mpc/_347_:ZN (NOR2_X1)          |        | 0.008       | 0.000      | 0.050      |             | 1.000  | 0.076  | 2.873r |
| mpc/_051_ (net)                 | 3      |             |            |            | 0.000       |        |        |        |
| mpc/_348_:A (INV_X1)            |        | 0.002       | 0.000      | 0.050      |             | 1.000  | 0.000  | 2.873r |
| mpc/_348_:ZN (INV_X1)           |        | 0.012       | 0.000      | 0.023      |             | 1.000  | 0.038  | 2.910f |
| mpc/_052_ (net)                 | 6      |             |            |            | 0.000       |        |        |        |
| mpc/_349_:A (BUF_X4)            |        | 0.003       | 0.000      | 0.023      |             | 1.000  | 0.000  | 2.910f |
| mpc/_349_:Z (BUF_X4)            |        | 0.016       | 0.000      | 0.008      |             | 1.000  | 0.036  | 2.946f |
| mpc/_053_ (net)                 | 10     |             |            |            | 0.000       |        |        |        |
| mpc/_413_:B2 (OAI21_X1)         |        | 0.002       | 0.000      | 0.008      |             | 1.000  | 0.000  | 2.946f |
| mpc/_413_:ZN (OAI21_X1)         |        | 0.002       | 0.000      | 0.020      |             | 1.000  | 0.033  | 2.978r |
| mpc/_107_ (net)                 | 1      |             |            |            | 0.000       |        |        |        |
| mpc/_414_:A (OAI21_X1)          |        | 0.002       | 0.000      | 0.020      |             | 1.000  | 0.000  | 2.978r |
| mpc/_414_:ZN (OAI21_X1)         |        | 0.001       | 0.000      | 0.011      |             | 1.000  | 0.022  | 3.000f |
| mpc/_108_ (net)                 | 1      |             |            |            | 0.000       |        |        |        |
| mpc/_416_:B1 (AOI21_X1)         |        | 0.002       | 0.000      | 0.011      |             | 1.000  | 0.000  | 3.000f |
| mpc/_416_:ZN (AOI21_X1)         |        | 0.001       | 0.000      | 0.020      |             | 1.000  | 0.023  | 3.023r |
| mpc/_016_ (net)                 | 1      |             |            |            | 0.000       |        |        |        |
| mpc/_636_:A (BUF_X1)            |        | 0.001       | 0.000      | 0.020      |             | 1.000  | 0.000  | 3.023r |
| mpc/_636_:Z (BUF_X1)            |        | 0.001       | 0.000      | 0.008      |             | 1.000  | 0.026  | 3.050r |
| mpc/_309_ (net)                 | 1      |             |            |            | 0.000       |        |        |        |
| mpc/_536_:D (DFF_X1)            |        | 0.001       | 0.000      | 0.008      |             | 1.000  | 0.000  | 3.050r |
|                                 |        |             |            |            |             |        |        |        |
| clk (port)                      |        | 1.172       | 0.000      | 0.000      |             | 1.000  | 0.000  | 0.000r |
| clk (clock net)                 | 1234   |             |            |            | NA          |        |        |        |
| mpc/_536_:CK (DFF_X1)           |        | 0.001       | 0.000      | 0.000      |             | 1.000  | 0.000  | 0.000r |
| clock core_clock (rise edge)    |        |             |            |            |             |        | 2      | 2      |
| clock network delay (ideal)     |        |             |            |            |             |        | 0.000  | 2.000  |
| mpc/_536_:CK (DFF_X1)           |        |             |            |            |             |        |        | r      |
| library setup time              |        |             |            |            |             |        | -0.031 | 1.969  |
| clock reconvergence pessimism   |        |             |            |            |             | 0.000  | 1.969  |        |
|                                 |        |             |            |            |             |        |        |        |
| data require time               |        |             |            |            |             |        |        | 1.969  |
| data arrival time               |        |             |            |            |             |        |        | 3.050  |
| slack (VIOLATED)                |        |             |            |            |             |        |        | -1.081 |
+---------------------------------+--------+-------------+------------+------------+-------------+--------+--------+--------+
+---------------------------------+--------+-------------+------------+------------+-------------+--------+--------+--------+
| Point                           | Fanout | Capacitance | Resistance | Transition | Delta Delay | Derate | Incr   | Path   |
+---------------------------------+--------+-------------+------------+------------+-------------+--------+--------+--------+
| clk (port)                      |        | 1.172       | 0.000      | 0.000      |             | 1.000  | 0.000  | 0.000r |
| clk (clock net)                 | 1234   |             |            |            | NA          |        |        |        |
| mifu/_331_:CK (DFF_X1)          |        | 0.001       | 0.000      | 0.000      |             | 1.000  | 0.000  | 0.000r |
| clock core_clock (rise edge)    |        |             |            |            |             |        | 0      | 0      |
| clock network delay (ideal)     |        |             |            |            |             |        | 0.000  | 0.000  |
| mifu/_331_:CK (DFF_X1)          |        | 0.001       | 0.000      | 0.000      |             | 1.000  | 0.000  | 0.000r |
| mifu/_331_:Q (DFF_X1)           |        | 0.004       | 0.000      | 0.013      |             | 1.000  | 0.090  | 0.090r |
| inst[24] (net)                  | 5      |             |            |            | 0.000       |        |        |        |
| midu/_254_:A (BUF_X1)           |        | 0.001       | 0.000      | 0.013      |             | 1.000  | 0.000  | 0.090r |
| midu/_254_:Z (BUF_X1)           |        | 0.001       | 0.000      | 0.006      |             | 1.000  | 0.021  | 0.111r |
| rs2[4] (net)                    | 1      |             |            |            | 0.000       |        |        |        |
| mreg/_11793_:A (BUF_X1)         |        | 0.001       | 0.000      | 0.006      |             | 1.000  | 0.000  | 0.111r |
| mreg/_11793_:Z (BUF_X1)         |        | 0.382       | 0.000      | 0.877      |             | 1.000  | 0.937  | 1.048r |
| mreg/_03877_ (net)              | 226    |             |            |            | 0.000       |        |        |        |
| mreg/_06972_:A (INV_X1)         |        | 0.002       | 0.000      | 0.877      |             | 1.000  | 0.000  | 1.048r |
| mreg/_06972_:ZN (INV_X1)        |        | 0.015       | 0.000      | 0.179      |             | 1.000  | 0.095  | 1.144f |
| mreg/_01102_ (net)              | 10     |             |            |            | 0.000       |        |        |        |
| mreg/_06978_:A (BUF_X4)         |        | 0.003       | 0.000      | 0.179      |             | 1.000  | 0.000  | 1.144f |
| mreg/_06978_:Z (BUF_X4)         |        | 0.018       | 0.000      | 0.015      |             | 1.000  | 0.078  | 1.222f |
| mreg/_01108_ (net)              | 10     |             |            |            | 0.000       |        |        |        |
| mreg/_06979_:A (BUF_X2)         |        | 0.002       | 0.000      | 0.015      |             | 1.000  | 0.000  | 1.222f |
| mreg/_06979_:Z (BUF_X2)         |        | 0.013       | 0.000      | 0.010      |             | 1.000  | 0.036  | 1.258f |
| mreg/_01109_ (net)              | 10     |             |            |            | 0.000       |        |        |        |
| mreg/_07003_:A (CLKBUF_X2)      |        | 0.001       | 0.000      | 0.010      |             | 1.000  | 0.000  | 1.258f |
| mreg/_07003_:Z (CLKBUF_X2)      |        | 0.011       | 0.000      | 0.016      |             | 1.000  | 0.040  | 1.298f |
| mreg/_01133_ (net)              | 10     |             |            |            | 0.000       |        |        |        |
| mreg/_07004_:A2 (NAND3_X1)      |        | 0.002       | 0.000      | 0.016      |             | 1.000  | 0.000  | 1.298f |
| mreg/_07004_:ZN (NAND3_X1)      |        | 0.001       | 0.000      | 0.014      |             | 1.000  | 0.020  | 1.318r |
| mreg/_01134_ (net)              | 1      |             |            |            | 0.000       |        |        |        |
| mreg/_07006_:A3 (AND4_X1)       |        | 0.001       | 0.000      | 0.014      |             | 1.000  | 0.000  | 1.318r |
| mreg/_07006_:ZN (AND4_X1)       |        | 0.001       | 0.000      | 0.010      |             | 1.000  | 0.054  | 1.372r |
| mreg/_01136_ (net)              | 1      |             |            |            | 0.000       |        |        |        |
| mreg/_07024_:A3 (AND4_X1)       |        | 0.001       | 0.000      | 0.010      |             | 1.000  | 0.000  | 1.372r |
| mreg/_07024_:ZN (AND4_X1)       |        | 0.002       | 0.000      | 0.013      |             | 1.000  | 0.058  | 1.430r |
| mreg/_01154_ (net)              | 1      |             |            |            | 0.000       |        |        |        |
| mreg/_07047_:A2 (NAND4_X1)      |        | 0.002       | 0.000      | 0.013      |             | 1.000  | 0.000  | 1.430r |
| mreg/_07047_:ZN (NAND4_X1)      |        | 0.001       | 0.000      | 0.014      |             | 1.000  | 0.026  | 1.455f |
| mreg/_03910_ (net)              | 1      |             |            |            | 0.000       |        |        |        |
| mreg/_11829_:A (BUF_X1)         |        | 0.001       | 0.000      | 0.014      |             | 1.000  | 0.000  | 1.455f |
| mreg/_11829_:Z (BUF_X1)         |        | 0.002       | 0.000      | 0.006      |             | 1.000  | 0.030  | 1.485f |
| mem_wdata[0] (net)              | 2      |             |            |            | 0.000       |        |        |        |
| mexu/_2050_:A (BUF_X1)          |        | 0.001       | 0.000      | 0.006      |             | 1.000  | 0.000  | 1.485f |
| mexu/_2050_:Z (BUF_X1)          |        | 0.002       | 0.000      | 0.006      |             | 1.000  | 0.026  | 1.511f |
| mexu/_1052_ (net)               | 1      |             |            |            | 0.000       |        |        |        |
| mexu/_1190_:A (OAI21_X1)        |        | 0.002       | 0.000      | 0.006      |             | 1.000  | 0.000  | 1.511f |
| mexu/_1190_:ZN (OAI21_X1)       |        | 0.003       | 0.000      | 0.029      |             | 1.000  | 0.023  | 1.535r |
| mexu/_0448_ (net)               | 1      |             |            |            | 0.000       |        |        |        |
| mexu/_1193_:A (OAI211_X2)       |        | 0.003       | 0.000      | 0.029      |             | 1.000  | 0.000  | 1.535r |
| mexu/_1193_:ZN (OAI211_X2)      |        | 0.001       | 0.000      | 0.013      |             | 1.000  | 0.028  | 1.563f |
| mexu/_0108_ (net)               | 1      |             |            |            | 0.000       |        |        |        |
| mexu/_2051_:A (BUF_X1)          |        | 0.001       | 0.000      | 0.013      |             | 1.000  | 0.000  | 1.563f |
| mexu/_2051_:Z (BUF_X1)          |        | 0.003       | 0.000      | 0.007      |             | 1.000  | 0.031  | 1.594f |
| alu_b[0] (net)                  | 3      |             |            |            | 0.000       |        |        |        |
| malu/_480_:A (BUF_X1)           |        | 0.001       | 0.000      | 0.007      |             | 1.000  | 0.000  | 1.594f |
| malu/_480_:Z (BUF_X1)           |        | 0.002       | 0.000      | 0.007      |             | 1.000  | 0.028  | 1.622f |
| malu/_039_ (net)                | 1      |             |            |            | 0.000       |        |        |        |
| malu/_308_:B (XOR2_X1)          |        | 0.002       | 0.000      | 0.007      |             | 1.000  | 0.000  | 1.622f |
| malu/_308_:Z (XOR2_X1)          |        | 0.001       | 0.000      | 0.012      |             | 1.000  | 0.053  | 1.675f |
| malu/_208_ (net)                | 1      |             |            |            | 0.000       |        |        |        |
| malu/_481_:A (BUF_X1)           |        | 0.001       | 0.000      | 0.012      |             | 1.000  | 0.000  | 1.675f |
| malu/_481_:Z (BUF_X1)           |        | 0.001       | 0.000      | 0.005      |             | 1.000  | 0.027  | 1.702f |
| malu/r[0] (net)                 | 1      |             |            |            | 0.000       |        |        |        |
| malu/Adder/_583_:A (BUF_X1)     |        | 0.001       | 0.000      | 0.005      |             | 1.000  | 0.000  | 1.702f |
| malu/Adder/_583_:Z (BUF_X1)     |        | 0.005       | 0.000      | 0.010      |             | 1.000  | 0.032  | 1.734f |
| malu/Adder/_032_ (net)          | 2      |             |            |            | 0.000       |        |        |        |
| malu/Adder/_324_:A (XOR2_X2)    |        | 0.004       | 0.000      | 0.010      |             | 1.000  | 0.000  | 1.734f |
| malu/Adder/_324_:Z (XOR2_X2)    |        | 0.005       | 0.000      | 0.013      |             | 1.000  | 0.054  | 1.788f |
| malu/Adder/_066_ (net)          | 2      |             |            |            | 0.000       |        |        |        |
| malu/Adder/_326_:A1 (AND2_X4)   |        | 0.003       | 0.000      | 0.013      |             | 1.000  | 0.000  | 1.788f |
| malu/Adder/_326_:ZN (AND2_X4)   |        | 0.006       | 0.000      | 0.006      |             | 1.000  | 0.029  | 1.816f |
| malu/Adder/_067_ (net)          | 1      |             |            |            | 0.000       |        |        |        |
| malu/Adder/_328_:A1 (NOR2_X4)   |        | 0.007       | 0.000      | 0.006      |             | 1.000  | 0.000  | 1.816f |
| malu/Adder/_328_:ZN (NOR2_X4)   |        | 0.009       | 0.000      | 0.018      |             | 1.000  | 0.023  | 1.840r |
| malu/Adder/_069_ (net)          | 2      |             |            |            | 0.000       |        |        |        |
| malu/Adder/_333_:A1 (NOR3_X4)   |        | 0.007       | 0.000      | 0.018      |             | 1.000  | 0.000  | 1.840r |
| malu/Adder/_333_:ZN (NOR3_X4)   |        | 0.005       | 0.000      | 0.013      |             | 1.000  | 0.011  | 1.851f |
| malu/Adder/_073_ (net)          | 3      |             |            |            | 0.000       |        |        |        |
| malu/Adder/_344_:C1 (OAI211_X2) |        | 0.003       | 0.000      | 0.013      |             | 1.000  | 0.000  | 1.851f |
| malu/Adder/_344_:ZN (OAI211_X2) |        | 0.003       | 0.000      | 0.023      |             | 1.000  | 0.033  | 1.884r |
| malu/Adder/_082_ (net)          | 1      |             |            |            | 0.000       |        |        |        |
| malu/Adder/_347_:A1 (AND2_X4)   |        | 0.003       | 0.000      | 0.023      |             | 1.000  | 0.000  | 1.884r |
| malu/Adder/_347_:ZN (AND2_X4)   |        | 0.010       | 0.000      | 0.011      |             | 1.000  | 0.037  | 1.920r |
| malu/Adder/_085_ (net)          | 3      |             |            |            | 0.000       |        |        |        |
| malu/Adder/_357_:A (INV_X4)     |        | 0.006       | 0.000      | 0.011      |             | 1.000  | 0.000  | 1.920r |
| malu/Adder/_357_:ZN (INV_X4)    |        | 0.007       | 0.000      | 0.005      |             | 1.000  | 0.009  | 1.929f |
| malu/Adder/_093_ (net)          | 2      |             |            |            | 0.000       |        |        |        |
| malu/Adder/_372_:A1 (NAND4_X4)  |        | 0.006       | 0.000      | 0.005      |             | 1.000  | 0.000  | 1.929f |
| malu/Adder/_372_:ZN (NAND4_X4)  |        | 0.003       | 0.000      | 0.013      |             | 1.000  | 0.013  | 1.942r |
| malu/Adder/_106_ (net)          | 2      |             |            |            | 0.000       |        |        |        |
| malu/Adder/_435_:C1 (AOI211_X4) |        | 0.002       | 0.000      | 0.013      |             | 1.000  | 0.000  | 1.942r |
| malu/Adder/_435_:ZN (AOI211_X4) |        | 0.011       | 0.000      | 0.007      |             | 1.000  | 0.050  | 1.992f |
| malu/Adder/_161_ (net)          | 5      |             |            |            | 0.000       |        |        |        |
| malu/Adder/_469_:A (INV_X2)     |        | 0.003       | 0.000      | 0.007      |             | 1.000  | 0.000  | 1.992f |
| malu/Adder/_469_:ZN (INV_X2)    |        | 0.003       | 0.000      | 0.008      |             | 1.000  | 0.011  | 2.003r |
| malu/Adder/_191_ (net)          | 1      |             |            |            | 0.000       |        |        |        |
| malu/Adder/_470_:B1 (AOI21_X2)  |        | 0.003       | 0.000      | 0.008      |             | 1.000  | 0.000  | 2.003r |
| malu/Adder/_470_:ZN (AOI21_X2)  |        | 0.004       | 0.000      | 0.012      |             | 1.000  | 0.015  | 2.018f |
| malu/Adder/_192_ (net)          | 3      |             |            |            | 0.000       |        |        |        |
| malu/Adder/_476_:A1 (OR3_X1)    |        | 0.001       | 0.000      | 0.012      |             | 1.000  | 0.000  | 2.018f |
| malu/Adder/_476_:ZN (OR3_X1)    |        | 0.002       | 0.000      | 0.014      |             | 1.000  | 0.067  | 2.084f |
| malu/Adder/_198_ (net)          | 1      |             |            |            | 0.000       |        |        |        |
| malu/Adder/_477_:A2 (AND2_X2)   |        | 0.002       | 0.000      | 0.014      |             | 1.000  | 0.000  | 2.084f |
| malu/Adder/_477_:ZN (AND2_X2)   |        | 0.002       | 0.000      | 0.006      |             | 1.000  | 0.032  | 2.116f |
| malu/Adder/_303_ (net)          | 2      |             |            |            | 0.000       |        |        |        |
| malu/Adder/_564_:A3 (OR4_X2)    |        | 0.002       | 0.000      | 0.006      |             | 1.000  | 0.000  | 2.116f |
| malu/Adder/_564_:ZN (OR4_X2)    |        | 0.003       | 0.000      | 0.016      |             | 1.000  | 0.103  | 2.219f |
| malu/Adder/_273_ (net)          | 1      |             |            |            | 0.000       |        |        |        |
| malu/Adder/_565_:A1 (NOR3_X2)   |        | 0.003       | 0.000      | 0.016      |             | 1.000  | 0.000  | 2.219f |
| malu/Adder/_565_:ZN (NOR3_X2)   |        | 0.002       | 0.000      | 0.023      |             | 1.000  | 0.032  | 2.251r |
| malu/Adder/_274_ (net)          | 1      |             |            |            | 0.000       |        |        |        |
| malu/Adder/_573_:A1 (NAND2_X1)  |        | 0.002       | 0.000      | 0.023      |             | 1.000  | 0.000  | 2.251r |
| malu/Adder/_573_:ZN (NAND2_X1)  |        | 0.001       | 0.000      | 0.010      |             | 1.000  | 0.017  | 2.268f |
| malu/Adder/_282_ (net)          | 1      |             |            |            | 0.000       |        |        |        |
| malu/Adder/_574_:A2 (OR4_X2)    |        | 0.002       | 0.000      | 0.010      |             | 1.000  | 0.000  | 2.268f |
| malu/Adder/_574_:ZN (OR4_X2)    |        | 0.001       | 0.000      | 0.016      |             | 1.000  | 0.093  | 2.361f |
| malu/Adder/_283_ (net)          | 1      |             |            |            | 0.000       |        |        |        |
| malu/Adder/_575_:A2 (OR4_X2)    |        | 0.002       | 0.000      | 0.016      |             | 1.000  | 0.000  | 2.361f |
| malu/Adder/_575_:ZN (OR4_X2)    |        | 0.001       | 0.000      | 0.016      |             | 1.000  | 0.094  | 2.455f |
| malu/Adder/_284_ (net)          | 1      |             |            |            | 0.000       |        |        |        |
| malu/Adder/_576_:A1 (NOR4_X1)   |        | 0.002       | 0.000      | 0.016      |             | 1.000  | 0.000  | 2.455f |
| malu/Adder/_576_:ZN (NOR4_X1)   |        | 0.001       | 0.000      | 0.036      |             | 1.000  | 0.041  | 2.496r |
| malu/Adder/_323_ (net)          | 1      |             |            |            | 0.000       |        |        |        |
| malu/Adder/_681_:A (BUF_X1)     |        | 0.001       | 0.000      | 0.036      |             | 1.000  | 0.000  | 2.496r |
| malu/Adder/_681_:Z (BUF_X1)     |        | 0.001       | 0.000      | 0.007      |             | 1.000  | 0.027  | 2.523r |
| ZF (net)                        | 1      |             |            |            | 0.000       |        |        |        |
| malu/_683_:A (BUF_X1)           |        | 0.001       | 0.000      | 0.007      |             | 1.000  | 0.000  | 2.523r |
| malu/_683_:Z (BUF_X1)           |        | 0.003       | 0.000      | 0.010      |             | 1.000  | 0.024  | 2.547r |
| malu/_002_ (net)                | 2      |             |            |            | 0.000       |        |        |        |
| malu/_474_:A4 (OR4_X1)          |        | 0.001       | 0.000      | 0.010      |             | 1.000  | 0.000  | 2.547r |
| malu/_474_:ZN (OR4_X1)          |        | 0.002       | 0.000      | 0.009      |             | 1.000  | 0.028  | 2.576r |
| malu/_204_ (net)                | 1      |             |            |            | 0.000       |        |        |        |
| malu/_478_:A2 (NAND4_X1)        |        | 0.002       | 0.000      | 0.009      |             | 1.000  | 0.000  | 2.576r |
| malu/_478_:ZN (NAND4_X1)        |        | 0.001       | 0.000      | 0.014      |             | 1.000  | 0.025  | 2.600f |
| malu/_071_ (net)                | 1      |             |            |            | 0.000       |        |        |        |
| malu/_684_:A (BUF_X1)           |        | 0.001       | 0.000      | 0.014      |             | 1.000  | 0.000  | 2.600f |
| malu/_684_:Z (BUF_X1)           |        | 0.001       | 0.000      | 0.005      |             | 1.000  | 0.028  | 2.628f |
| branch (net)                    | 1      |             |            |            | 0.000       |        |        |        |
| _767_:A (BUF_X1)                |        | 0.001       | 0.000      | 0.005      |             | 1.000  | 0.000  | 2.628f |
| _767_:Z (BUF_X1)                |        | 0.001       | 0.000      | 0.005      |             | 1.000  | 0.023  | 2.651f |
| _032_ (net)                     | 1      |             |            |            | 0.000       |        |        |        |
| _505_:A1 (OR2_X1)               |        | 0.001       | 0.000      | 0.005      |             | 1.000  | 0.000  | 2.651f |
| _505_:ZN (OR2_X1)               |        | 0.001       | 0.000      | 0.008      |             | 1.000  | 0.041  | 2.692f |
| _163_ (net)                     | 1      |             |            |            | 0.000       |        |        |        |
| _769_:A (BUF_X1)                |        | 0.001       | 0.000      | 0.008      |             | 1.000  | 0.000  | 2.692f |
| _769_:Z (BUF_X1)                |        | 0.001       | 0.000      | 0.005      |             | 1.000  | 0.025  | 2.717f |
| jump (net)                      | 2      |             |            |            | 0.000       |        |        |        |
| mpc/_554_:A (BUF_X1)            |        | 0.001       | 0.000      | 0.005      |             | 1.000  | 0.000  | 2.717f |
| mpc/_554_:Z (BUF_X1)            |        | 0.044       | 0.000      | 0.048      |             | 1.000  | 0.079  | 2.797f |
| mpc/_034_ (net)                 | 28     |             |            |            | 0.000       |        |        |        |
| mpc/_347_:A2 (NOR2_X1)          |        | 0.002       | 0.000      | 0.048      |             | 1.000  | 0.000  | 2.797f |
| mpc/_347_:ZN (NOR2_X1)          |        | 0.008       | 0.000      | 0.050      |             | 1.000  | 0.076  | 2.873r |
| mpc/_051_ (net)                 | 3      |             |            |            | 0.000       |        |        |        |
| mpc/_348_:A (INV_X1)            |        | 0.002       | 0.000      | 0.050      |             | 1.000  | 0.000  | 2.873r |
| mpc/_348_:ZN (INV_X1)           |        | 0.012       | 0.000      | 0.023      |             | 1.000  | 0.038  | 2.910f |
| mpc/_052_ (net)                 | 6      |             |            |            | 0.000       |        |        |        |
| mpc/_380_:A (BUF_X4)            |        | 0.003       | 0.000      | 0.023      |             | 1.000  | 0.000  | 2.910f |
| mpc/_380_:Z (BUF_X4)            |        | 0.016       | 0.000      | 0.008      |             | 1.000  | 0.036  | 2.946f |
| mpc/_079_ (net)                 | 10     |             |            |            | 0.000       |        |        |        |
| mpc/_420_:B2 (OAI21_X1)         |        | 0.002       | 0.000      | 0.008      |             | 1.000  | 0.000  | 2.946f |
| mpc/_420_:ZN (OAI21_X1)         |        | 0.002       | 0.000      | 0.020      |             | 1.000  | 0.033  | 2.978r |
| mpc/_113_ (net)                 | 1      |             |            |            | 0.000       |        |        |        |
| mpc/_421_:A (OAI21_X1)          |        | 0.002       | 0.000      | 0.020      |             | 1.000  | 0.000  | 2.978r |
| mpc/_421_:ZN (OAI21_X1)         |        | 0.001       | 0.000      | 0.010      |             | 1.000  | 0.022  | 3.000f |
| mpc/_114_ (net)                 | 1      |             |            |            | 0.000       |        |        |        |
| mpc/_423_:B1 (AOI21_X1)         |        | 0.002       | 0.000      | 0.010      |             | 1.000  | 0.000  | 3.000f |
| mpc/_423_:ZN (AOI21_X1)         |        | 0.001       | 0.000      | 0.020      |             | 1.000  | 0.023  | 3.023r |
| mpc/_017_ (net)                 | 1      |             |            |            | 0.000       |        |        |        |
| mpc/_637_:A (BUF_X1)            |        | 0.001       | 0.000      | 0.020      |             | 1.000  | 0.000  | 3.023r |
| mpc/_637_:Z (BUF_X1)            |        | 0.001       | 0.000      | 0.008      |             | 1.000  | 0.026  | 3.050r |
| mpc/_310_ (net)                 | 1      |             |            |            | 0.000       |        |        |        |
| mpc/_537_:D (DFF_X1)            |        | 0.001       | 0.000      | 0.008      |             | 1.000  | 0.000  | 3.050r |
|                                 |        |             |            |            |             |        |        |        |
| clk (port)                      |        | 1.172       | 0.000      | 0.000      |             | 1.000  | 0.000  | 0.000r |
| clk (clock net)                 | 1234   |             |            |            | NA          |        |        |        |
| mpc/_537_:CK (DFF_X1)           |        | 0.001       | 0.000      | 0.000      |             | 1.000  | 0.000  | 0.000r |
| clock core_clock (rise edge)    |        |             |            |            |             |        | 2      | 2      |
| clock network delay (ideal)     |        |             |            |            |             |        | 0.000  | 2.000  |
| mpc/_537_:CK (DFF_X1)           |        |             |            |            |             |        |        | r      |
| library setup time              |        |             |            |            |             |        | -0.031 | 1.969  |
| clock reconvergence pessimism   |        |             |            |            |             | 0.000  | 1.969  |        |
|                                 |        |             |            |            |             |        |        |        |
| data require time               |        |             |            |            |             |        |        | 1.969  |
| data arrival time               |        |             |            |            |             |        |        | 3.050  |
| slack (VIOLATED)                |        |             |            |            |             |        |        | -1.081 |
+---------------------------------+--------+-------------+------------+------------+-------------+--------+--------+--------+
+-------------------------------+--------+-------------+------------+------------+-------------+--------+-------+--------+
| Point                         | Fanout | Capacitance | Resistance | Transition | Delta Delay | Derate | Incr  | Path   |
+-------------------------------+--------+-------------+------------+------------+-------------+--------+-------+--------+
| clk (port)                    |        | 1.172       | 0.000      | 0.000      |             | 1.000  | 0.000 | 0.000r |
| clk (clock net)               | 1234   |             |            |            | NA          |        |       |        |
| msram/_19_:CK (DFF_X1)        |        | 0.001       | 0.000      | 0.000      |             | 1.000  | 0.000 | 0.000r |
| clock core_clock (rise edge)  |        |             |            |            |             |        | 0     | 0      |
| clock network delay (ideal)   |        |             |            |            |             |        | 0.000 | 0.000  |
| msram/_19_:CK (DFF_X1)        |        | 0.001       | 0.000      | 0.000      |             | 1.000  | 0.000 | 0.000r |
| msram/_19_:Q (DFF_X1)         |        | 0.002       | 0.000      | 0.009      |             | 1.000  | 0.086 | 0.086r |
| arready (net)                 | 2      |             |            |            | 0.000       |        |       |        |
| msram/_62_:A (BUF_X1)         |        | 0.001       | 0.000      | 0.009      |             | 1.000  | 0.000 | 0.086r |
| msram/_62_:Z (BUF_X1)         |        | 0.002       | 0.000      | 0.008      |             | 1.000  | 0.023 | 0.109r |
| msram/_00_ (net)              | 1      |             |            |            | 0.000       |        |       |        |
| msram/_16_:A2 (NOR3_X1)       |        | 0.002       | 0.000      | 0.008      |             | 1.000  | 0.000 | 0.109r |
| msram/_16_:ZN (NOR3_X1)       |        | 0.001       | 0.000      | 0.004      |             | 1.000  | 0.009 | 0.117f |
| msram/_02_ (net)              | 1      |             |            |            | 0.000       |        |       |        |
| msram/_67_:A (BUF_X1)         |        | 0.001       | 0.000      | 0.004      |             | 1.000  | 0.000 | 0.117f |
| msram/_67_:Z (BUF_X1)         |        | 0.001       | 0.000      | 0.006      |             | 1.000  | 0.025 | 0.142f |
| msram/_13_ (net)              | 1      |             |            |            | 0.000       |        |       |        |
| msram/_19_:D (DFF_X1)         |        | 0.001       | 0.000      | 0.006      |             | 1.000  | 0.000 | 0.142f |
|                               |        |             |            |            |             |        |       |        |
| clk (port)                    |        | 1.172       | 0.000      | 0.000      |             | 1.000  | 0.000 | 0.000r |
| clk (clock net)               | 1234   |             |            |            | NA          |        |       |        |
| msram/_19_:CK (DFF_X1)        |        | 0.001       | 0.000      | 0.000      |             | 1.000  | 0.000 | 0.000r |
| clock core_clock (rise edge)  |        |             |            |            |             |        | 0     | 0      |
| clock network delay (ideal)   |        |             |            |            |             |        | 0.000 | 0.000  |
| msram/_19_:CK (DFF_X1)        |        |             |            |            |             |        |       | r      |
| library hold time             |        |             |            |            |             |        | 0.002 | 0.002  |
| clock reconvergence pessimism |        |             |            |            |             | -0.000 | 0.002 |        |
|                               |        |             |            |            |             |        |       |        |
| data require time             |        |             |            |            |             |        |       | 0.002  |
| data arrival time             |        |             |            |            |             |        |       | 0.142  |
| slack (MET)                   |        |             |            |            |             |        |       | 0.140  |
+-------------------------------+--------+-------------+------------+------------+-------------+--------+-------+--------+
+-------------------------------+--------+-------------+------------+------------+-------------+--------+-------+--------+
| Point                         | Fanout | Capacitance | Resistance | Transition | Delta Delay | Derate | Incr  | Path   |
+-------------------------------+--------+-------------+------------+------------+-------------+--------+-------+--------+
| clk (port)                    |        | 1.172       | 0.000      | 0.000      |             | 1.000  | 0.000 | 0.000r |
| clk (clock net)               | 1234   |             |            |            | NA          |        |       |        |
| msram/_20_:CK (DFF_X1)        |        | 0.001       | 0.000      | 0.000      |             | 1.000  | 0.000 | 0.000r |
| clock core_clock (rise edge)  |        |             |            |            |             |        | 0     | 0      |
| clock network delay (ideal)   |        |             |            |            |             |        | 0.000 | 0.000  |
| msram/_20_:CK (DFF_X1)        |        | 0.001       | 0.000      | 0.000      |             | 1.000  | 0.000 | 0.000r |
| msram/_20_:Q (DFF_X1)         |        | 0.002       | 0.000      | 0.009      |             | 1.000  | 0.086 | 0.086r |
| awready (net)                 | 2      |             |            |            | 0.000       |        |       |        |
| msram/_63_:A (BUF_X1)         |        | 0.001       | 0.000      | 0.009      |             | 1.000  | 0.000 | 0.086r |
| msram/_63_:Z (BUF_X1)         |        | 0.002       | 0.000      | 0.008      |             | 1.000  | 0.023 | 0.109r |
| msram/_04_ (net)              | 1      |             |            |            | 0.000       |        |       |        |
| msram/_18_:A2 (NOR3_X1)       |        | 0.002       | 0.000      | 0.008      |             | 1.000  | 0.000 | 0.109r |
| msram/_18_:ZN (NOR3_X1)       |        | 0.001       | 0.000      | 0.004      |             | 1.000  | 0.009 | 0.117f |
| msram/_03_ (net)              | 1      |             |            |            | 0.000       |        |       |        |
| msram/_68_:A (BUF_X1)         |        | 0.001       | 0.000      | 0.004      |             | 1.000  | 0.000 | 0.117f |
| msram/_68_:Z (BUF_X1)         |        | 0.001       | 0.000      | 0.006      |             | 1.000  | 0.025 | 0.142f |
| msram/_14_ (net)              | 1      |             |            |            | 0.000       |        |       |        |
| msram/_20_:D (DFF_X1)         |        | 0.001       | 0.000      | 0.006      |             | 1.000  | 0.000 | 0.142f |
|                               |        |             |            |            |             |        |       |        |
| clk (port)                    |        | 1.172       | 0.000      | 0.000      |             | 1.000  | 0.000 | 0.000r |
| clk (clock net)               | 1234   |             |            |            | NA          |        |       |        |
| msram/_20_:CK (DFF_X1)        |        | 0.001       | 0.000      | 0.000      |             | 1.000  | 0.000 | 0.000r |
| clock core_clock (rise edge)  |        |             |            |            |             |        | 0     | 0      |
| clock network delay (ideal)   |        |             |            |            |             |        | 0.000 | 0.000  |
| msram/_20_:CK (DFF_X1)        |        |             |            |            |             |        |       | r      |
| library hold time             |        |             |            |            |             |        | 0.002 | 0.002  |
| clock reconvergence pessimism |        |             |            |            |             | -0.000 | 0.002 |        |
|                               |        |             |            |            |             |        |       |        |
| data require time             |        |             |            |            |             |        |       | 0.002  |
| data arrival time             |        |             |            |            |             |        |       | 0.142  |
| slack (MET)                   |        |             |            |            |             |        |       | 0.141  |
+-------------------------------+--------+-------------+------------+------------+-------------+--------+-------+--------+
+-------------------------------+--------+-------------+------------+------------+-------------+--------+-------+--------+
| Point                         | Fanout | Capacitance | Resistance | Transition | Delta Delay | Derate | Incr  | Path   |
+-------------------------------+--------+-------------+------------+------------+-------------+--------+-------+--------+
| clk (port)                    |        | 1.172       | 0.000      | 0.000      |             | 1.000  | 0.000 | 0.000r |
| clk (clock net)               | 1234   |             |            |            | NA          |        |       |        |
| mpc/_524_:CK (DFF_X1)         |        | 0.001       | 0.000      | 0.000      |             | 1.000  | 0.000 | 0.000r |
| clock core_clock (rise edge)  |        |             |            |            |             |        | 0     | 0      |
| clock network delay (ideal)   |        |             |            |            |             |        | 0.000 | 0.000  |
| mpc/_524_:CK (DFF_X1)         |        | 0.001       | 0.000      | 0.000      |             | 1.000  | 0.000 | 0.000r |
| mpc/_524_:QN (DFF_X1)         |        | 0.001       | 0.000      | 0.011      |             | 1.000  | 0.061 | 0.061f |
| mpc/_000_ (net)               | 1      |             |            |            | 0.000       |        |       |        |
| mpc/_558_:A (BUF_X1)          |        | 0.001       | 0.000      | 0.011      |             | 1.000  | 0.000 | 0.061f |
| mpc/_558_:Z (BUF_X1)          |        | 0.001       | 0.000      | 0.006      |             | 1.000  | 0.028 | 0.089f |
| mpc/_001_ (net)               | 1      |             |            |            | 0.000       |        |       |        |
| mpc/_337_:A3 (NAND3_X1)       |        | 0.002       | 0.000      | 0.006      |             | 1.000  | 0.000 | 0.089f |
| mpc/_337_:ZN (NAND3_X1)       |        | 0.002       | 0.000      | 0.012      |             | 1.000  | 0.019 | 0.108r |
| mpc/_043_ (net)               | 1      |             |            |            | 0.000       |        |       |        |
| mpc/_338_:B2 (AOI21_X1)       |        | 0.002       | 0.000      | 0.012      |             | 1.000  | 0.000 | 0.108r |
| mpc/_338_:ZN (AOI21_X1)       |        | 0.001       | 0.000      | 0.006      |             | 1.000  | 0.014 | 0.122f |
| mpc/_004_ (net)               | 1      |             |            |            | 0.000       |        |       |        |
| mpc/_624_:A (BUF_X1)          |        | 0.001       | 0.000      | 0.006      |             | 1.000  | 0.000 | 0.122f |
| mpc/_624_:Z (BUF_X1)          |        | 0.001       | 0.000      | 0.006      |             | 1.000  | 0.026 | 0.148f |
| mpc/_297_ (net)               | 1      |             |            |            | 0.000       |        |       |        |
| mpc/_524_:D (DFF_X1)          |        | 0.001       | 0.000      | 0.006      |             | 1.000  | 0.000 | 0.148f |
|                               |        |             |            |            |             |        |       |        |
| clk (port)                    |        | 1.172       | 0.000      | 0.000      |             | 1.000  | 0.000 | 0.000r |
| clk (clock net)               | 1234   |             |            |            | NA          |        |       |        |
| mpc/_524_:CK (DFF_X1)         |        | 0.001       | 0.000      | 0.000      |             | 1.000  | 0.000 | 0.000r |
| clock core_clock (rise edge)  |        |             |            |            |             |        | 0     | 0      |
| clock network delay (ideal)   |        |             |            |            |             |        | 0.000 | 0.000  |
| mpc/_524_:CK (DFF_X1)         |        |             |            |            |             |        |       | r      |
| library hold time             |        |             |            |            |             |        | 0.002 | 0.002  |
| clock reconvergence pessimism |        |             |            |            |             | -0.000 | 0.002 |        |
|                               |        |             |            |            |             |        |       |        |
| data require time             |        |             |            |            |             |        |       | 0.002  |
| data arrival time             |        |             |            |            |             |        |       | 0.148  |
| slack (MET)                   |        |             |            |            |             |        |       | 0.146  |
+-------------------------------+--------+-------------+------------+------------+-------------+--------+-------+--------+
